<?xml version="1.0" encoding="UTF-8"?>
<testng-results ignored="0" total="5" passed="5" failed="0" skipped="0">
  <reporter-output>
  </reporter-output>
  <suite started-at="2024-07-18T17:44:44 IST" name="Surefire suite" finished-at="2024-07-18T17:45:23 IST" duration-ms="39230">
    <groups>
      <group name="cucumber">
        <method signature="AbstractTestNGCucumberTests.runScenario(io.cucumber.testng.PickleWrapper,io.cucumber.testng.FeatureWrapper)[pri:0, instance:testRunner.TestRunner@1677d1]" name="runScenario" class="io.cucumber.testng.AbstractTestNGCucumberTests"/>
      </group> <!-- cucumber -->
    </groups>
    <test started-at="2024-07-18T17:44:44 IST" name="Surefire test" finished-at="2024-07-18T17:45:23 IST" duration-ms="39230">
      <class name="testRunner.TestRunner">
        <test-method is-config="true" signature="setUpClass(org.testng.ITestContext)[pri:0, instance:testRunner.TestRunner@1677d1]" started-at="2024-07-18T17:44:44 IST" name="setUpClass" finished-at="2024-07-18T17:44:45 IST" duration-ms="835" status="PASS">
          <params>
            <param index="0">
              <value>
                <![CDATA[org.testng.TestRunner@5b3f3ba0]]>
              </value>
            </param>
          </params>
          <reporter-output>
          </reporter-output>
        </test-method> <!-- setUpClass -->
        <test-method signature="runScenario(io.cucumber.testng.PickleWrapper,io.cucumber.testng.FeatureWrapper)[pri:0, instance:testRunner.TestRunner@1677d1]" started-at="2024-07-18T17:44:45 IST" name="runScenario" description="Runs Cucumber Scenarios" data-provider="scenarios" finished-at="2024-07-18T17:45:22 IST" duration-ms="37383" status="PASS">
          <params>
            <param index="0">
              <value>
                <![CDATA["Finding cucucmber bdd scenario"]]>
              </value>
            </param>
            <param index="1">
              <value>
                <![CDATA["google Search"]]>
              </value>
            </param>
          </params>
          <reporter-output>
          </reporter-output>
        </test-method> <!-- runScenario -->
        <test-method signature="runScenario(io.cucumber.testng.PickleWrapper,io.cucumber.testng.FeatureWrapper)[pri:0, instance:testRunner.TestRunner@1677d1]" started-at="2024-07-18T17:44:45 IST" name="runScenario" description="Runs Cucumber Scenarios" data-provider="scenarios" finished-at="2024-07-18T17:45:22 IST" duration-ms="37671" status="PASS">
          <params>
            <param index="0">
              <value>
                <![CDATA["Finding some cheese"]]>
              </value>
            </param>
            <param index="1">
              <value>
                <![CDATA["google Search"]]>
              </value>
            </param>
          </params>
          <reporter-output>
          </reporter-output>
        </test-method> <!-- runScenario -->
        <test-method signature="runScenario(io.cucumber.testng.PickleWrapper,io.cucumber.testng.FeatureWrapper)[pri:0, instance:testRunner.TestRunner@1677d1]" started-at="2024-07-18T17:44:45 IST" name="runScenario" description="Runs Cucumber Scenarios" data-provider="scenarios" finished-at="2024-07-18T17:45:22 IST" duration-ms="37291" status="PASS">
          <params>
            <param index="0">
              <value>
                <![CDATA["Finding cucucmber bdd scenario"]]>
              </value>
            </param>
            <param index="1">
              <value>
                <![CDATA["google Search"]]>
              </value>
            </param>
          </params>
          <reporter-output>
          </reporter-output>
        </test-method> <!-- runScenario -->
        <test-method signature="runScenario(io.cucumber.testng.PickleWrapper,io.cucumber.testng.FeatureWrapper)[pri:0, instance:testRunner.TestRunner@1677d1]" started-at="2024-07-18T17:44:45 IST" name="runScenario" description="Runs Cucumber Scenarios" data-provider="scenarios" finished-at="2024-07-18T17:45:20 IST" duration-ms="35180" status="PASS">
          <params>
            <param index="0">
              <value>
                <![CDATA["Google Search using dataTables"]]>
              </value>
            </param>
            <param index="1">
              <value>
                <![CDATA["google Search"]]>
              </value>
            </param>
          </params>
          <reporter-output>
          </reporter-output>
        </test-method> <!-- runScenario -->
        <test-method signature="runScenario(io.cucumber.testng.PickleWrapper,io.cucumber.testng.FeatureWrapper)[pri:0, instance:testRunner.TestRunner@1677d1]" started-at="2024-07-18T17:44:45 IST" name="runScenario" description="Runs Cucumber Scenarios" data-provider="scenarios" finished-at="2024-07-18T17:45:22 IST" duration-ms="37144" status="PASS">
          <params>
            <param index="0">
              <value>
                <![CDATA["Finding cucumber BDD"]]>
              </value>
            </param>
            <param index="1">
              <value>
                <![CDATA["google Search"]]>
              </value>
            </param>
          </params>
          <reporter-output>
          </reporter-output>
        </test-method> <!-- runScenario -->
        <test-method is-config="true" signature="tearDownClass()[pri:0, instance:testRunner.TestRunner@1677d1]" started-at="2024-07-18T17:45:22 IST" name="tearDownClass" finished-at="2024-07-18T17:45:23 IST" duration-ms="680" status="PASS">
          <reporter-output>
          </reporter-output>
        </test-method> <!-- tearDownClass -->
      </class> <!-- testRunner.TestRunner -->
    </test> <!-- Surefire test -->
  </suite> <!-- Surefire suite -->
</testng-results>
