<?xml version="1.0" encoding="UTF-8"?>
<testng-results ignored="0" total="5" passed="0" failed="5" skipped="0">
  <reporter-output>
  </reporter-output>
  <suite started-at="2024-07-20T01:31:40 IST" name="Surefire suite" finished-at="2024-07-20T01:31:41 IST" duration-ms="1495">
    <groups>
      <group name="cucumber">
        <method signature="AbstractTestNGCucumberTests.runScenario(io.cucumber.testng.PickleWrapper,io.cucumber.testng.FeatureWrapper)[pri:0, instance:testRunner.TestRunner@625732]" name="runScenario" class="io.cucumber.testng.AbstractTestNGCucumberTests"/>
      </group> <!-- cucumber -->
    </groups>
    <test started-at="2024-07-20T01:31:40 IST" name="Surefire test" finished-at="2024-07-20T01:31:41 IST" duration-ms="1495">
      <class name="testRunner.TestRunner">
        <test-method is-config="true" signature="setUpClass(org.testng.ITestContext)[pri:0, instance:testRunner.TestRunner@625732]" started-at="2024-07-20T01:31:40 IST" name="setUpClass" finished-at="2024-07-20T01:31:40 IST" duration-ms="687" status="PASS">
          <params>
            <param index="0">
              <value>
                <![CDATA[org.testng.TestRunner@c6e0f32]]>
              </value>
            </param>
          </params>
          <reporter-output>
          </reporter-output>
        </test-method> <!-- setUpClass -->
        <test-method signature="runScenario(io.cucumber.testng.PickleWrapper,io.cucumber.testng.FeatureWrapper)[pri:0, instance:testRunner.TestRunner@625732]" started-at="2024-07-20T01:31:40 IST" name="runScenario" description="Runs Cucumber Scenarios" data-provider="scenarios" finished-at="2024-07-20T01:31:41 IST" duration-ms="298" status="FAIL">
          <params>
            <param index="0">
              <value>
                <![CDATA["Finding cucumber BDD"]]>
              </value>
            </param>
            <param index="1">
              <value>
                <![CDATA["google Search"]]>
              </value>
            </param>
          </params>
          <exception class="java.lang.NullPointerException">
            <message>
              <![CDATA[Cannot invoke "org.openqa.selenium.WebDriver.get(String)" because the return value of "java.lang.ThreadLocal.get()" is null]]>
            </message>
            <full-stacktrace>
              <![CDATA[java.lang.NullPointerException: Cannot invoke "org.openqa.selenium.WebDriver.get(String)" because the return value of "java.lang.ThreadLocal.get()" is null
at steps.GoogleSearch.I_visit_google(GoogleSearch.java:33)
at ✽.I am on the Google search page(file:///C:/Users/SOUVIK%20SARKAR/git/repository/cucumberBDD/src/test/java/feature/google.feature:4)
]]>
            </full-stacktrace>
          </exception> <!-- java.lang.NullPointerException -->
          <reporter-output>
          </reporter-output>
        </test-method> <!-- runScenario -->
        <test-method signature="runScenario(io.cucumber.testng.PickleWrapper,io.cucumber.testng.FeatureWrapper)[pri:0, instance:testRunner.TestRunner@625732]" started-at="2024-07-20T01:31:40 IST" name="runScenario" description="Runs Cucumber Scenarios" data-provider="scenarios" finished-at="2024-07-20T01:31:41 IST" duration-ms="302" status="FAIL">
          <params>
            <param index="0">
              <value>
                <![CDATA["Finding some cheese"]]>
              </value>
            </param>
            <param index="1">
              <value>
                <![CDATA["google Search"]]>
              </value>
            </param>
          </params>
          <exception class="java.lang.NullPointerException">
            <message>
              <![CDATA[Cannot invoke "org.openqa.selenium.WebDriver.get(String)" because the return value of "java.lang.ThreadLocal.get()" is null]]>
            </message>
            <full-stacktrace>
              <![CDATA[java.lang.NullPointerException: Cannot invoke "org.openqa.selenium.WebDriver.get(String)" because the return value of "java.lang.ThreadLocal.get()" is null
at steps.GoogleSearch.I_visit_google(GoogleSearch.java:33)
at ✽.I am on the Google search page(file:///C:/Users/SOUVIK%20SARKAR/git/repository/cucumberBDD/src/test/java/feature/google.feature:4)
]]>
            </full-stacktrace>
          </exception> <!-- java.lang.NullPointerException -->
          <reporter-output>
          </reporter-output>
        </test-method> <!-- runScenario -->
        <test-method signature="runScenario(io.cucumber.testng.PickleWrapper,io.cucumber.testng.FeatureWrapper)[pri:0, instance:testRunner.TestRunner@625732]" started-at="2024-07-20T01:31:40 IST" name="runScenario" description="Runs Cucumber Scenarios" data-provider="scenarios" finished-at="2024-07-20T01:31:41 IST" duration-ms="300" status="FAIL">
          <params>
            <param index="0">
              <value>
                <![CDATA["Finding cucucmber bdd scenario"]]>
              </value>
            </param>
            <param index="1">
              <value>
                <![CDATA["google Search"]]>
              </value>
            </param>
          </params>
          <exception class="java.lang.NullPointerException">
            <message>
              <![CDATA[Cannot invoke "org.openqa.selenium.WebDriver.get(String)" because the return value of "java.lang.ThreadLocal.get()" is null]]>
            </message>
            <full-stacktrace>
              <![CDATA[java.lang.NullPointerException: Cannot invoke "org.openqa.selenium.WebDriver.get(String)" because the return value of "java.lang.ThreadLocal.get()" is null
at steps.GoogleSearch.I_visit_google(GoogleSearch.java:33)
at ✽.I am on the Google search page(file:///C:/Users/SOUVIK%20SARKAR/git/repository/cucumberBDD/src/test/java/feature/google.feature:4)
]]>
            </full-stacktrace>
          </exception> <!-- java.lang.NullPointerException -->
          <reporter-output>
          </reporter-output>
        </test-method> <!-- runScenario -->
        <test-method signature="runScenario(io.cucumber.testng.PickleWrapper,io.cucumber.testng.FeatureWrapper)[pri:0, instance:testRunner.TestRunner@625732]" started-at="2024-07-20T01:31:40 IST" name="runScenario" description="Runs Cucumber Scenarios" data-provider="scenarios" finished-at="2024-07-20T01:31:41 IST" duration-ms="301" status="FAIL">
          <params>
            <param index="0">
              <value>
                <![CDATA["Finding cucucmber bdd scenario"]]>
              </value>
            </param>
            <param index="1">
              <value>
                <![CDATA["google Search"]]>
              </value>
            </param>
          </params>
          <exception class="java.lang.NullPointerException">
            <message>
              <![CDATA[Cannot invoke "org.openqa.selenium.WebDriver.get(String)" because the return value of "java.lang.ThreadLocal.get()" is null]]>
            </message>
            <full-stacktrace>
              <![CDATA[java.lang.NullPointerException: Cannot invoke "org.openqa.selenium.WebDriver.get(String)" because the return value of "java.lang.ThreadLocal.get()" is null
at steps.GoogleSearch.I_visit_google(GoogleSearch.java:33)
at ✽.I am on the Google search page(file:///C:/Users/SOUVIK%20SARKAR/git/repository/cucumberBDD/src/test/java/feature/google.feature:4)
]]>
            </full-stacktrace>
          </exception> <!-- java.lang.NullPointerException -->
          <reporter-output>
          </reporter-output>
        </test-method> <!-- runScenario -->
        <test-method signature="runScenario(io.cucumber.testng.PickleWrapper,io.cucumber.testng.FeatureWrapper)[pri:0, instance:testRunner.TestRunner@625732]" started-at="2024-07-20T01:31:40 IST" name="runScenario" description="Runs Cucumber Scenarios" data-provider="scenarios" finished-at="2024-07-20T01:31:41 IST" duration-ms="301" status="FAIL">
          <params>
            <param index="0">
              <value>
                <![CDATA["Google Search using dataTables"]]>
              </value>
            </param>
            <param index="1">
              <value>
                <![CDATA["google Search"]]>
              </value>
            </param>
          </params>
          <exception class="java.lang.NullPointerException">
            <message>
              <![CDATA[Cannot invoke "org.openqa.selenium.WebDriver.get(String)" because the return value of "java.lang.ThreadLocal.get()" is null]]>
            </message>
            <full-stacktrace>
              <![CDATA[java.lang.NullPointerException: Cannot invoke "org.openqa.selenium.WebDriver.get(String)" because the return value of "java.lang.ThreadLocal.get()" is null
at steps.GoogleSearch.I_visit_google(GoogleSearch.java:33)
at ✽.I am on the Google search page(file:///C:/Users/SOUVIK%20SARKAR/git/repository/cucumberBDD/src/test/java/feature/google.feature:4)
]]>
            </full-stacktrace>
          </exception> <!-- java.lang.NullPointerException -->
          <reporter-output>
          </reporter-output>
        </test-method> <!-- runScenario -->
        <test-method is-config="true" signature="tearDownClass()[pri:0, instance:testRunner.TestRunner@625732]" started-at="2024-07-20T01:31:41 IST" name="tearDownClass" finished-at="2024-07-20T01:31:41 IST" duration-ms="468" status="PASS">
          <reporter-output>
          </reporter-output>
        </test-method> <!-- tearDownClass -->
      </class> <!-- testRunner.TestRunner -->
    </test> <!-- Surefire test -->
  </suite> <!-- Surefire suite -->
</testng-results>
