<?xml version="1.0" encoding="UTF-8"?>
<testng-results ignored="0" total="5" passed="5" failed="0" skipped="0">
  <reporter-output>
  </reporter-output>
  <suite started-at="2024-07-20T01:54:05 IST" name="Default suite" finished-at="2024-07-20T01:54:39 IST" duration-ms="34430">
    <groups>
      <group name="cucumber">
        <method signature="AbstractTestNGCucumberTests.runScenario(io.cucumber.testng.PickleWrapper,io.cucumber.testng.FeatureWrapper)[pri:0, instance:testRunner.TestRunner@7c137fd5]" name="runScenario" class="io.cucumber.testng.AbstractTestNGCucumberTests"/>
      </group> <!-- cucumber -->
    </groups>
    <test started-at="2024-07-20T01:54:05 IST" name="Default test" finished-at="2024-07-20T01:54:39 IST" duration-ms="34430">
      <class name="testRunner.TestRunner">
        <test-method is-config="true" signature="setUpClass(org.testng.ITestContext)[pri:0, instance:testRunner.TestRunner@7c137fd5]" started-at="2024-07-20T01:54:05 IST" name="setUpClass" finished-at="2024-07-20T01:54:06 IST" duration-ms="789" status="PASS">
          <params>
            <param index="0">
              <value>
                <![CDATA[org.testng.TestRunner@69fa8e76]]>
              </value>
            </param>
          </params>
          <reporter-output>
          </reporter-output>
        </test-method> <!-- setUpClass -->
        <test-method signature="runScenario(io.cucumber.testng.PickleWrapper,io.cucumber.testng.FeatureWrapper)[pri:0, instance:testRunner.TestRunner@7c137fd5]" started-at="2024-07-20T01:54:06 IST" name="runScenario" description="Runs Cucumber Scenarios" data-provider="scenarios" finished-at="2024-07-20T01:54:39 IST" duration-ms="32931" status="PASS">
          <params>
            <param index="0">
              <value>
                <![CDATA["Finding cucumber BDD"]]>
              </value>
            </param>
            <param index="1">
              <value>
                <![CDATA["google Search"]]>
              </value>
            </param>
          </params>
          <reporter-output>
          </reporter-output>
        </test-method> <!-- runScenario -->
        <test-method signature="runScenario(io.cucumber.testng.PickleWrapper,io.cucumber.testng.FeatureWrapper)[pri:0, instance:testRunner.TestRunner@7c137fd5]" started-at="2024-07-20T01:54:06 IST" name="runScenario" description="Runs Cucumber Scenarios" data-provider="scenarios" finished-at="2024-07-20T01:54:37 IST" duration-ms="31359" status="PASS">
          <params>
            <param index="0">
              <value>
                <![CDATA["Google Search using dataTables"]]>
              </value>
            </param>
            <param index="1">
              <value>
                <![CDATA["google Search"]]>
              </value>
            </param>
          </params>
          <reporter-output>
          </reporter-output>
        </test-method> <!-- runScenario -->
        <test-method signature="runScenario(io.cucumber.testng.PickleWrapper,io.cucumber.testng.FeatureWrapper)[pri:0, instance:testRunner.TestRunner@7c137fd5]" started-at="2024-07-20T01:54:06 IST" name="runScenario" description="Runs Cucumber Scenarios" data-provider="scenarios" finished-at="2024-07-20T01:54:39 IST" duration-ms="32913" status="PASS">
          <params>
            <param index="0">
              <value>
                <![CDATA["Finding cucucmber bdd scenario"]]>
              </value>
            </param>
            <param index="1">
              <value>
                <![CDATA["google Search"]]>
              </value>
            </param>
          </params>
          <reporter-output>
          </reporter-output>
        </test-method> <!-- runScenario -->
        <test-method signature="runScenario(io.cucumber.testng.PickleWrapper,io.cucumber.testng.FeatureWrapper)[pri:0, instance:testRunner.TestRunner@7c137fd5]" started-at="2024-07-20T01:54:06 IST" name="runScenario" description="Runs Cucumber Scenarios" data-provider="scenarios" finished-at="2024-07-20T01:54:38 IST" duration-ms="32585" status="PASS">
          <params>
            <param index="0">
              <value>
                <![CDATA["Finding cucucmber bdd scenario"]]>
              </value>
            </param>
            <param index="1">
              <value>
                <![CDATA["google Search"]]>
              </value>
            </param>
          </params>
          <reporter-output>
          </reporter-output>
        </test-method> <!-- runScenario -->
        <test-method signature="runScenario(io.cucumber.testng.PickleWrapper,io.cucumber.testng.FeatureWrapper)[pri:0, instance:testRunner.TestRunner@7c137fd5]" started-at="2024-07-20T01:54:06 IST" name="runScenario" description="Runs Cucumber Scenarios" data-provider="scenarios" finished-at="2024-07-20T01:54:39 IST" duration-ms="33236" status="PASS">
          <params>
            <param index="0">
              <value>
                <![CDATA["Finding some cheese"]]>
              </value>
            </param>
            <param index="1">
              <value>
                <![CDATA["google Search"]]>
              </value>
            </param>
          </params>
          <reporter-output>
          </reporter-output>
        </test-method> <!-- runScenario -->
        <test-method is-config="true" signature="tearDownClass()[pri:0, instance:testRunner.TestRunner@7c137fd5]" started-at="2024-07-20T01:54:39 IST" name="tearDownClass" finished-at="2024-07-20T01:54:39 IST" duration-ms="372" status="PASS">
          <reporter-output>
          </reporter-output>
        </test-method> <!-- tearDownClass -->
      </class> <!-- testRunner.TestRunner -->
    </test> <!-- Default test -->
  </suite> <!-- Default suite -->
</testng-results>
